                                      1 ;--------------------------------------------------------
                                      2 ; File Created by SDCC : free open source ANSI-C Compiler
                                      3 ; Version 4.1.6 #12539 (MINGW32)
                                      4 ;--------------------------------------------------------
                                      5 	.module main
                                      6 	.optsdcc -mgbz80
                                      7 	
                                      8 ;--------------------------------------------------------
                                      9 ; Public variables in this module
                                     10 ;--------------------------------------------------------
                                     11 	.globl _main
                                     12 	.globl _set_sprite_data
                                     13 	.globl _set_bkg_tiles
                                     14 	.globl _set_bkg_data
                                     15 	.globl _delay
                                     16 	.globl _y
                                     17 	.globl _x
                                     18 	.globl _t
                                     19 	.globl _dummy_sprite
                                     20 	.globl _bkg_map
                                     21 	.globl _bkg_tileset
                                     22 ;--------------------------------------------------------
                                     23 ; special function registers
                                     24 ;--------------------------------------------------------
                                     25 ;--------------------------------------------------------
                                     26 ; ram data
                                     27 ;--------------------------------------------------------
                                     28 	.area _DATA
                                     29 ;--------------------------------------------------------
                                     30 ; ram data
                                     31 ;--------------------------------------------------------
                                     32 	.area _INITIALIZED
      000000                         33 _bkg_tileset::
      000000                         34 	.ds 128
      000080                         35 _bkg_map::
      000080                         36 	.ds 720
      000350                         37 _dummy_sprite::
      000350                         38 	.ds 48
      000380                         39 _t::
      000380                         40 	.ds 1
      000381                         41 _x::
      000381                         42 	.ds 1
      000382                         43 _y::
      000382                         44 	.ds 1
                                     45 ;--------------------------------------------------------
                                     46 ; absolute external ram data
                                     47 ;--------------------------------------------------------
                                     48 	.area _DABS (ABS)
                                     49 ;--------------------------------------------------------
                                     50 ; global & static initialisations
                                     51 ;--------------------------------------------------------
                                     52 	.area _HOME
                                     53 	.area _GSINIT
                                     54 	.area _GSFINAL
                                     55 	.area _GSINIT
                                     56 ;--------------------------------------------------------
                                     57 ; Home
                                     58 ;--------------------------------------------------------
                                     59 	.area _HOME
                                     60 	.area _HOME
                                     61 ;--------------------------------------------------------
                                     62 ; code
                                     63 ;--------------------------------------------------------
                                     64 	.area _CODE
                                     65 ;main.c:16: void main(){    
                                     66 ;	---------------------------------
                                     67 ; Function main
                                     68 ; ---------------------------------
      000000                         69 _main::
                                     70 ;main.c:17: UINT8 index = 1;
      000000 0E 01                   71 	ld	c, #0x01
                                     72 ;main.c:18: set_bkg_data(0, 8, bkg_tileset);
      000002 11r00r00                73 	ld	de, #_bkg_tileset
      000005 D5                      74 	push	de
      000006 21 00 08                75 	ld	hl, #0x800
      000009 E5                      76 	push	hl
      00000A CDr00r00                77 	call	_set_bkg_data
      00000D E8 04                   78 	add	sp, #4
                                     79 ;main.c:19: set_bkg_tiles(0, 0, 40, 18, bkg_map);
      00000F 11r80r00                80 	ld	de, #_bkg_map
      000012 D5                      81 	push	de
      000013 21 28 12                82 	ld	hl, #0x1228
      000016 E5                      83 	push	hl
      000017 AF                      84 	xor	a, a
      000018 0F                      85 	rrca
      000019 F5                      86 	push	af
      00001A CDr00r00                87 	call	_set_bkg_tiles
      00001D E8 06                   88 	add	sp, #6
                                     89 ;main.c:20: set_sprite_data(0, 3, dummy_sprite);
      00001F 11r50r03                90 	ld	de, #_dummy_sprite
      000022 D5                      91 	push	de
      000023 21 00 03                92 	ld	hl, #0x300
      000026 E5                      93 	push	hl
      000027 CDr00r00                94 	call	_set_sprite_data
      00002A E8 04                   95 	add	sp, #4
                                     96 ;c:/gbdk/include/gb/gb.h:1447: shadow_OAM[nb].tile=tile;
      00002C 21r02r00                97 	ld	hl, #(_shadow_OAM + 2)
      00002F 36 01                   98 	ld	(hl), #0x01
                                     99 ;main.c:22: move_sprite(0, x, y);
      000031 21r82r03               100 	ld	hl, #_y
      000034 46                     101 	ld	b, (hl)
      000035 21r81r03               102 	ld	hl, #_x
      000038 5E                     103 	ld	e, (hl)
                                    104 ;c:/gbdk/include/gb/gb.h:1520: OAM_item_t * itm = &shadow_OAM[nb];
      000039 21r00r00               105 	ld	hl, #_shadow_OAM
                                    106 ;c:/gbdk/include/gb/gb.h:1521: itm->y=y, itm->x=x;
      00003C 78                     107 	ld	a, b
      00003D 22                     108 	ld	(hl+), a
      00003E 73                     109 	ld	(hl), e
                                    110 ;main.c:24: SHOW_SPRITES;
      00003F F0r00                  111 	ldh	a, (_LCDC_REG + 0)
      000041 F6 02                  112 	or	a, #0x02
      000043 E0r00                  113 	ldh	(_LCDC_REG + 0), a
                                    114 ;main.c:25: SHOW_BKG;
      000045 F0r00                  115 	ldh	a, (_LCDC_REG + 0)
      000047 F6 01                  116 	or	a, #0x01
      000049 E0r00                  117 	ldh	(_LCDC_REG + 0), a
                                    118 ;main.c:26: DISPLAY_ON;
      00004B F0r00                  119 	ldh	a, (_LCDC_REG + 0)
      00004D F6 80                  120 	or	a, #0x80
      00004F E0r00                  121 	ldh	(_LCDC_REG + 0), a
                                    122 ;main.c:28: while(1){
      000051                        123 00111$:
                                    124 ;c:/gbdk/include/gb/gb.h:1447: shadow_OAM[nb].tile=tile;
      000051 21r02r00               125 	ld	hl, #(_shadow_OAM + 2)
      000054 71                     126 	ld	(hl), c
                                    127 ;c:/gbdk/include/gb/gb.h:1536: OAM_item_t * itm = &shadow_OAM[nb];
      000055 11r00r00               128 	ld	de, #_shadow_OAM+0
                                    129 ;c:/gbdk/include/gb/gb.h:1537: itm->y+=y, itm->x+=x;
      000058 1A                     130 	ld	a, (de)
      000059 12                     131 	ld	(de), a
      00005A 13                     132 	inc	de
      00005B 1A                     133 	ld	a, (de)
      00005C 3D                     134 	dec	a
      00005D 12                     135 	ld	(de), a
                                    136 ;c:/gbdk/include/gb/gb.h:1094: SCX_REG+=x, SCY_REG+=y;
      00005E F0r00                  137 	ldh	a, (_SCX_REG + 0)
      000060 3C                     138 	inc	a
      000061 E0r00                  139 	ldh	(_SCX_REG + 0), a
                                    140 ;main.c:33: if(index){
      000063 79                     141 	ld	a, c
      000064 B7                     142 	or	a, a
      000065 28 1F                  143 	jr	Z, 00109$
                                    144 ;main.c:34: if(index == 1 && t % 4 == 0){
      000067 FAr80r03               145 	ld	a, (#_t)
      00006A E6 03                  146 	and	a, #0x03
      00006C 47                     147 	ld	b, a
      00006D 1E 00                  148 	ld	e, #0x00
      00006F 79                     149 	ld	a, c
      000070 3D                     150 	dec	a
      000071 20 08                  151 	jr	NZ, 00105$
      000073 7B                     152 	ld	a, e
      000074 B0                     153 	or	a, b
      000075 20 04                  154 	jr	NZ, 00105$
                                    155 ;main.c:35: index = 2;
      000077 0E 02                  156 	ld	c, #0x02
      000079 18 0B                  157 	jr	00109$
      00007B                        158 00105$:
                                    159 ;main.c:36: }else if(index == 2 && t % 4 == 0){
      00007B 79                     160 	ld	a, c
      00007C D6 02                  161 	sub	a, #0x02
      00007E 20 06                  162 	jr	NZ, 00109$
      000080 7B                     163 	ld	a, e
      000081 B0                     164 	or	a, b
      000082 20 02                  165 	jr	NZ, 00109$
                                    166 ;main.c:37: index = 1;
      000084 0E 01                  167 	ld	c, #0x01
      000086                        168 00109$:
                                    169 ;main.c:41: delay(100);
      000086 C5                     170 	push	bc
      000087 11 64 00               171 	ld	de, #0x0064
      00008A D5                     172 	push	de
      00008B CDr00r00               173 	call	_delay
      00008E E1                     174 	pop	hl
      00008F C1                     175 	pop	bc
                                    176 ;main.c:42: t++;
      000090 21r80r03               177 	ld	hl, #_t
      000093 34                     178 	inc	(hl)
                                    179 ;main.c:44: }
      000094 18 BB                  180 	jr	00111$
                                    181 	.area _CODE
                                    182 	.area _INITIALIZER
      000000                        183 __xinit__bkg_tileset:
      000000 00                     184 	.db #0x00	; 0
      000001 00                     185 	.db #0x00	; 0
      000002 00                     186 	.db #0x00	; 0
      000003 00                     187 	.db #0x00	; 0
      000004 00                     188 	.db #0x00	; 0
      000005 00                     189 	.db #0x00	; 0
      000006 00                     190 	.db #0x00	; 0
      000007 00                     191 	.db #0x00	; 0
      000008 00                     192 	.db #0x00	; 0
      000009 00                     193 	.db #0x00	; 0
      00000A 00                     194 	.db #0x00	; 0
      00000B 00                     195 	.db #0x00	; 0
      00000C 00                     196 	.db #0x00	; 0
      00000D 00                     197 	.db #0x00	; 0
      00000E 00                     198 	.db #0x00	; 0
      00000F 00                     199 	.db #0x00	; 0
      000010 FF                     200 	.db #0xff	; 255
      000011 FF                     201 	.db #0xff	; 255
      000012 05                     202 	.db #0x05	; 5
      000013 03                     203 	.db #0x03	; 3
      000014 FD                     204 	.db #0xfd	; 253
      000015 03                     205 	.db #0x03	; 3
      000016 01                     206 	.db #0x01	; 1
      000017 FF                     207 	.db #0xff	; 255
      000018 FF                     208 	.db #0xff	; 255
      000019 FF                     209 	.db #0xff	; 255
      00001A 50                     210 	.db #0x50	; 80	'P'
      00001B 30                     211 	.db #0x30	; 48	'0'
      00001C DF                     212 	.db #0xdf	; 223
      00001D 30                     213 	.db #0x30	; 48	'0'
      00001E 10                     214 	.db #0x10	; 16
      00001F FF                     215 	.db #0xff	; 255
      000020 FF                     216 	.db #0xff	; 255
      000021 FF                     217 	.db #0xff	; 255
      000022 05                     218 	.db #0x05	; 5
      000023 03                     219 	.db #0x03	; 3
      000024 FD                     220 	.db #0xfd	; 253
      000025 03                     221 	.db #0x03	; 3
      000026 01                     222 	.db #0x01	; 1
      000027 FF                     223 	.db #0xff	; 255
      000028 FF                     224 	.db #0xff	; 255
      000029 FF                     225 	.db #0xff	; 255
      00002A 51                     226 	.db #0x51	; 81	'Q'
      00002B 31                     227 	.db #0x31	; 49	'1'
      00002C DF                     228 	.db #0xdf	; 223
      00002D 31                     229 	.db #0x31	; 49	'1'
      00002E 11                     230 	.db #0x11	; 17
      00002F FF                     231 	.db #0xff	; 255
      000030 FF                     232 	.db #0xff	; 255
      000031 FF                     233 	.db #0xff	; 255
      000032 85                     234 	.db #0x85	; 133
      000033 83                     235 	.db #0x83	; 131
      000034 FD                     236 	.db #0xfd	; 253
      000035 83                     237 	.db #0x83	; 131
      000036 81                     238 	.db #0x81	; 129
      000037 FF                     239 	.db #0xff	; 255
      000038 FF                     240 	.db #0xff	; 255
      000039 FF                     241 	.db #0xff	; 255
      00003A D0                     242 	.db #0xd0	; 208
      00003B B0                     243 	.db #0xb0	; 176
      00003C DF                     244 	.db #0xdf	; 223
      00003D B0                     245 	.db #0xb0	; 176
      00003E 90                     246 	.db #0x90	; 144
      00003F FF                     247 	.db #0xff	; 255
      000040 00                     248 	.db #0x00	; 0
      000041 00                     249 	.db #0x00	; 0
      000042 00                     250 	.db #0x00	; 0
      000043 00                     251 	.db #0x00	; 0
      000044 00                     252 	.db #0x00	; 0
      000045 00                     253 	.db #0x00	; 0
      000046 00                     254 	.db #0x00	; 0
      000047 00                     255 	.db #0x00	; 0
      000048 A2                     256 	.db #0xa2	; 162
      000049 00                     257 	.db #0x00	; 0
      00004A 44                     258 	.db #0x44	; 68	'D'
      00004B 00                     259 	.db #0x00	; 0
      00004C FF                     260 	.db #0xff	; 255
      00004D 00                     261 	.db #0x00	; 0
      00004E 00                     262 	.db #0x00	; 0
      00004F FF                     263 	.db #0xff	; 255
      000050 00                     264 	.db #0x00	; 0
      000051 00                     265 	.db #0x00	; 0
      000052 00                     266 	.db #0x00	; 0
      000053 00                     267 	.db #0x00	; 0
      000054 00                     268 	.db #0x00	; 0
      000055 00                     269 	.db #0x00	; 0
      000056 07                     270 	.db #0x07	; 7
      000057 00                     271 	.db #0x00	; 0
      000058 38                     272 	.db #0x38	; 56	'8'
      000059 00                     273 	.db #0x00	; 0
      00005A 40                     274 	.db #0x40	; 64
      00005B 00                     275 	.db #0x00	; 0
      00005C 3F                     276 	.db #0x3f	; 63
      00005D 00                     277 	.db #0x00	; 0
      00005E 00                     278 	.db #0x00	; 0
      00005F 00                     279 	.db #0x00	; 0
      000060 00                     280 	.db #0x00	; 0
      000061 00                     281 	.db #0x00	; 0
      000062 00                     282 	.db #0x00	; 0
      000063 00                     283 	.db #0x00	; 0
      000064 00                     284 	.db #0x00	; 0
      000065 00                     285 	.db #0x00	; 0
      000066 E0                     286 	.db #0xe0	; 224
      000067 00                     287 	.db #0x00	; 0
      000068 1C                     288 	.db #0x1c	; 28
      000069 00                     289 	.db #0x00	; 0
      00006A 02                     290 	.db #0x02	; 2
      00006B 00                     291 	.db #0x00	; 0
      00006C FC                     292 	.db #0xfc	; 252
      00006D 00                     293 	.db #0x00	; 0
      00006E 00                     294 	.db #0x00	; 0
      00006F 00                     295 	.db #0x00	; 0
      000070 00                     296 	.db #0x00	; 0
      000071 FF                     297 	.db #0xff	; 255
      000072 00                     298 	.db #0x00	; 0
      000073 FF                     299 	.db #0xff	; 255
      000074 00                     300 	.db #0x00	; 0
      000075 FF                     301 	.db #0xff	; 255
      000076 80                     302 	.db #0x80	; 128
      000077 FF                     303 	.db #0xff	; 255
      000078 48                     304 	.db #0x48	; 72	'H'
      000079 FF                     305 	.db #0xff	; 255
      00007A 04                     306 	.db #0x04	; 4
      00007B FF                     307 	.db #0xff	; 255
      00007C 00                     308 	.db #0x00	; 0
      00007D FF                     309 	.db #0xff	; 255
      00007E 00                     310 	.db #0x00	; 0
      00007F FF                     311 	.db #0xff	; 255
      000080                        312 __xinit__bkg_map:
      000080 00                     313 	.db #0x00	; 0
      000081 00                     314 	.db #0x00	; 0
      000082 00                     315 	.db #0x00	; 0
      000083 00                     316 	.db #0x00	; 0
      000084 00                     317 	.db #0x00	; 0
      000085 00                     318 	.db #0x00	; 0
      000086 00                     319 	.db #0x00	; 0
      000087 00                     320 	.db #0x00	; 0
      000088 00                     321 	.db #0x00	; 0
      000089 00                     322 	.db #0x00	; 0
      00008A 00                     323 	.db #0x00	; 0
      00008B 00                     324 	.db #0x00	; 0
      00008C 00                     325 	.db #0x00	; 0
      00008D 00                     326 	.db #0x00	; 0
      00008E 00                     327 	.db #0x00	; 0
      00008F 00                     328 	.db #0x00	; 0
      000090 00                     329 	.db #0x00	; 0
      000091 00                     330 	.db #0x00	; 0
      000092 00                     331 	.db #0x00	; 0
      000093 00                     332 	.db #0x00	; 0
      000094 00                     333 	.db #0x00	; 0
      000095 00                     334 	.db #0x00	; 0
      000096 00                     335 	.db #0x00	; 0
      000097 00                     336 	.db #0x00	; 0
      000098 00                     337 	.db #0x00	; 0
      000099 00                     338 	.db #0x00	; 0
      00009A 00                     339 	.db #0x00	; 0
      00009B 00                     340 	.db #0x00	; 0
      00009C 00                     341 	.db #0x00	; 0
      00009D 00                     342 	.db #0x00	; 0
      00009E 00                     343 	.db #0x00	; 0
      00009F 00                     344 	.db #0x00	; 0
      0000A0 00                     345 	.db #0x00	; 0
      0000A1 00                     346 	.db #0x00	; 0
      0000A2 00                     347 	.db #0x00	; 0
      0000A3 00                     348 	.db #0x00	; 0
      0000A4 00                     349 	.db #0x00	; 0
      0000A5 00                     350 	.db #0x00	; 0
      0000A6 00                     351 	.db #0x00	; 0
      0000A7 00                     352 	.db #0x00	; 0
      0000A8 00                     353 	.db #0x00	; 0
      0000A9 00                     354 	.db #0x00	; 0
      0000AA 00                     355 	.db #0x00	; 0
      0000AB 00                     356 	.db #0x00	; 0
      0000AC 00                     357 	.db #0x00	; 0
      0000AD 00                     358 	.db #0x00	; 0
      0000AE 00                     359 	.db #0x00	; 0
      0000AF 00                     360 	.db #0x00	; 0
      0000B0 00                     361 	.db #0x00	; 0
      0000B1 00                     362 	.db #0x00	; 0
      0000B2 00                     363 	.db #0x00	; 0
      0000B3 00                     364 	.db #0x00	; 0
      0000B4 00                     365 	.db #0x00	; 0
      0000B5 00                     366 	.db #0x00	; 0
      0000B6 00                     367 	.db #0x00	; 0
      0000B7 00                     368 	.db #0x00	; 0
      0000B8 05                     369 	.db #0x05	; 5
      0000B9 06                     370 	.db #0x06	; 6
      0000BA 00                     371 	.db #0x00	; 0
      0000BB 00                     372 	.db #0x00	; 0
      0000BC 00                     373 	.db #0x00	; 0
      0000BD 00                     374 	.db #0x00	; 0
      0000BE 00                     375 	.db #0x00	; 0
      0000BF 00                     376 	.db #0x00	; 0
      0000C0 00                     377 	.db #0x00	; 0
      0000C1 00                     378 	.db #0x00	; 0
      0000C2 00                     379 	.db #0x00	; 0
      0000C3 00                     380 	.db #0x00	; 0
      0000C4 00                     381 	.db #0x00	; 0
      0000C5 00                     382 	.db #0x00	; 0
      0000C6 00                     383 	.db #0x00	; 0
      0000C7 00                     384 	.db #0x00	; 0
      0000C8 00                     385 	.db #0x00	; 0
      0000C9 00                     386 	.db #0x00	; 0
      0000CA 00                     387 	.db #0x00	; 0
      0000CB 00                     388 	.db #0x00	; 0
      0000CC 00                     389 	.db #0x00	; 0
      0000CD 00                     390 	.db #0x00	; 0
      0000CE 00                     391 	.db #0x00	; 0
      0000CF 00                     392 	.db #0x00	; 0
      0000D0 00                     393 	.db #0x00	; 0
      0000D1 00                     394 	.db #0x00	; 0
      0000D2 05                     395 	.db #0x05	; 5
      0000D3 06                     396 	.db #0x06	; 6
      0000D4 00                     397 	.db #0x00	; 0
      0000D5 00                     398 	.db #0x00	; 0
      0000D6 00                     399 	.db #0x00	; 0
      0000D7 00                     400 	.db #0x00	; 0
      0000D8 00                     401 	.db #0x00	; 0
      0000D9 00                     402 	.db #0x00	; 0
      0000DA 00                     403 	.db #0x00	; 0
      0000DB 00                     404 	.db #0x00	; 0
      0000DC 00                     405 	.db #0x00	; 0
      0000DD 00                     406 	.db #0x00	; 0
      0000DE 00                     407 	.db #0x00	; 0
      0000DF 00                     408 	.db #0x00	; 0
      0000E0 00                     409 	.db #0x00	; 0
      0000E1 00                     410 	.db #0x00	; 0
      0000E2 00                     411 	.db #0x00	; 0
      0000E3 00                     412 	.db #0x00	; 0
      0000E4 00                     413 	.db #0x00	; 0
      0000E5 00                     414 	.db #0x00	; 0
      0000E6 00                     415 	.db #0x00	; 0
      0000E7 00                     416 	.db #0x00	; 0
      0000E8 00                     417 	.db #0x00	; 0
      0000E9 00                     418 	.db #0x00	; 0
      0000EA 00                     419 	.db #0x00	; 0
      0000EB 00                     420 	.db #0x00	; 0
      0000EC 00                     421 	.db #0x00	; 0
      0000ED 00                     422 	.db #0x00	; 0
      0000EE 00                     423 	.db #0x00	; 0
      0000EF 00                     424 	.db #0x00	; 0
      0000F0 00                     425 	.db #0x00	; 0
      0000F1 00                     426 	.db #0x00	; 0
      0000F2 00                     427 	.db #0x00	; 0
      0000F3 00                     428 	.db #0x00	; 0
      0000F4 00                     429 	.db #0x00	; 0
      0000F5 00                     430 	.db #0x00	; 0
      0000F6 00                     431 	.db #0x00	; 0
      0000F7 00                     432 	.db #0x00	; 0
      0000F8 00                     433 	.db #0x00	; 0
      0000F9 00                     434 	.db #0x00	; 0
      0000FA 00                     435 	.db #0x00	; 0
      0000FB 00                     436 	.db #0x00	; 0
      0000FC 00                     437 	.db #0x00	; 0
      0000FD 00                     438 	.db #0x00	; 0
      0000FE 00                     439 	.db #0x00	; 0
      0000FF 00                     440 	.db #0x00	; 0
      000100 00                     441 	.db #0x00	; 0
      000101 00                     442 	.db #0x00	; 0
      000102 00                     443 	.db #0x00	; 0
      000103 00                     444 	.db #0x00	; 0
      000104 00                     445 	.db #0x00	; 0
      000105 00                     446 	.db #0x00	; 0
      000106 00                     447 	.db #0x00	; 0
      000107 00                     448 	.db #0x00	; 0
      000108 00                     449 	.db #0x00	; 0
      000109 00                     450 	.db #0x00	; 0
      00010A 00                     451 	.db #0x00	; 0
      00010B 00                     452 	.db #0x00	; 0
      00010C 00                     453 	.db #0x00	; 0
      00010D 00                     454 	.db #0x00	; 0
      00010E 00                     455 	.db #0x00	; 0
      00010F 00                     456 	.db #0x00	; 0
      000110 00                     457 	.db #0x00	; 0
      000111 00                     458 	.db #0x00	; 0
      000112 00                     459 	.db #0x00	; 0
      000113 00                     460 	.db #0x00	; 0
      000114 00                     461 	.db #0x00	; 0
      000115 00                     462 	.db #0x00	; 0
      000116 05                     463 	.db #0x05	; 5
      000117 06                     464 	.db #0x06	; 6
      000118 00                     465 	.db #0x00	; 0
      000119 00                     466 	.db #0x00	; 0
      00011A 00                     467 	.db #0x00	; 0
      00011B 00                     468 	.db #0x00	; 0
      00011C 00                     469 	.db #0x00	; 0
      00011D 00                     470 	.db #0x00	; 0
      00011E 05                     471 	.db #0x05	; 5
      00011F 06                     472 	.db #0x06	; 6
      000120 00                     473 	.db #0x00	; 0
      000121 00                     474 	.db #0x00	; 0
      000122 00                     475 	.db #0x00	; 0
      000123 00                     476 	.db #0x00	; 0
      000124 00                     477 	.db #0x00	; 0
      000125 00                     478 	.db #0x00	; 0
      000126 00                     479 	.db #0x00	; 0
      000127 00                     480 	.db #0x00	; 0
      000128 00                     481 	.db #0x00	; 0
      000129 00                     482 	.db #0x00	; 0
      00012A 00                     483 	.db #0x00	; 0
      00012B 00                     484 	.db #0x00	; 0
      00012C 00                     485 	.db #0x00	; 0
      00012D 00                     486 	.db #0x00	; 0
      00012E 00                     487 	.db #0x00	; 0
      00012F 00                     488 	.db #0x00	; 0
      000130 00                     489 	.db #0x00	; 0
      000131 00                     490 	.db #0x00	; 0
      000132 00                     491 	.db #0x00	; 0
      000133 00                     492 	.db #0x00	; 0
      000134 00                     493 	.db #0x00	; 0
      000135 00                     494 	.db #0x00	; 0
      000136 00                     495 	.db #0x00	; 0
      000137 05                     496 	.db #0x05	; 5
      000138 06                     497 	.db #0x06	; 6
      000139 00                     498 	.db #0x00	; 0
      00013A 00                     499 	.db #0x00	; 0
      00013B 00                     500 	.db #0x00	; 0
      00013C 00                     501 	.db #0x00	; 0
      00013D 00                     502 	.db #0x00	; 0
      00013E 00                     503 	.db #0x00	; 0
      00013F 00                     504 	.db #0x00	; 0
      000140 00                     505 	.db #0x00	; 0
      000141 03                     506 	.db #0x03	; 3
      000142 01                     507 	.db #0x01	; 1
      000143 01                     508 	.db #0x01	; 1
      000144 01                     509 	.db #0x01	; 1
      000145 01                     510 	.db #0x01	; 1
      000146 02                     511 	.db #0x02	; 2
      000147 00                     512 	.db #0x00	; 0
      000148 00                     513 	.db #0x00	; 0
      000149 00                     514 	.db #0x00	; 0
      00014A 00                     515 	.db #0x00	; 0
      00014B 00                     516 	.db #0x00	; 0
      00014C 00                     517 	.db #0x00	; 0
      00014D 00                     518 	.db #0x00	; 0
      00014E 00                     519 	.db #0x00	; 0
      00014F 00                     520 	.db #0x00	; 0
      000150 00                     521 	.db #0x00	; 0
      000151 00                     522 	.db #0x00	; 0
      000152 00                     523 	.db #0x00	; 0
      000153 00                     524 	.db #0x00	; 0
      000154 00                     525 	.db #0x00	; 0
      000155 00                     526 	.db #0x00	; 0
      000156 00                     527 	.db #0x00	; 0
      000157 00                     528 	.db #0x00	; 0
      000158 00                     529 	.db #0x00	; 0
      000159 00                     530 	.db #0x00	; 0
      00015A 00                     531 	.db #0x00	; 0
      00015B 00                     532 	.db #0x00	; 0
      00015C 00                     533 	.db #0x00	; 0
      00015D 00                     534 	.db #0x00	; 0
      00015E 00                     535 	.db #0x00	; 0
      00015F 00                     536 	.db #0x00	; 0
      000160 00                     537 	.db #0x00	; 0
      000161 00                     538 	.db #0x00	; 0
      000162 00                     539 	.db #0x00	; 0
      000163 00                     540 	.db #0x00	; 0
      000164 00                     541 	.db #0x00	; 0
      000165 00                     542 	.db #0x00	; 0
      000166 00                     543 	.db #0x00	; 0
      000167 00                     544 	.db #0x00	; 0
      000168 00                     545 	.db #0x00	; 0
      000169 03                     546 	.db #0x03	; 3
      00016A 01                     547 	.db #0x01	; 1
      00016B 01                     548 	.db #0x01	; 1
      00016C 01                     549 	.db #0x01	; 1
      00016D 01                     550 	.db #0x01	; 1
      00016E 02                     551 	.db #0x02	; 2
      00016F 00                     552 	.db #0x00	; 0
      000170 00                     553 	.db #0x00	; 0
      000171 00                     554 	.db #0x00	; 0
      000172 00                     555 	.db #0x00	; 0
      000173 00                     556 	.db #0x00	; 0
      000174 00                     557 	.db #0x00	; 0
      000175 00                     558 	.db #0x00	; 0
      000176 00                     559 	.db #0x00	; 0
      000177 00                     560 	.db #0x00	; 0
      000178 05                     561 	.db #0x05	; 5
      000179 06                     562 	.db #0x06	; 6
      00017A 00                     563 	.db #0x00	; 0
      00017B 00                     564 	.db #0x00	; 0
      00017C 00                     565 	.db #0x00	; 0
      00017D 00                     566 	.db #0x00	; 0
      00017E 00                     567 	.db #0x00	; 0
      00017F 00                     568 	.db #0x00	; 0
      000180 00                     569 	.db #0x00	; 0
      000181 00                     570 	.db #0x00	; 0
      000182 00                     571 	.db #0x00	; 0
      000183 00                     572 	.db #0x00	; 0
      000184 00                     573 	.db #0x00	; 0
      000185 00                     574 	.db #0x00	; 0
      000186 00                     575 	.db #0x00	; 0
      000187 00                     576 	.db #0x00	; 0
      000188 00                     577 	.db #0x00	; 0
      000189 00                     578 	.db #0x00	; 0
      00018A 00                     579 	.db #0x00	; 0
      00018B 00                     580 	.db #0x00	; 0
      00018C 00                     581 	.db #0x00	; 0
      00018D 00                     582 	.db #0x00	; 0
      00018E 00                     583 	.db #0x00	; 0
      00018F 00                     584 	.db #0x00	; 0
      000190 00                     585 	.db #0x00	; 0
      000191 03                     586 	.db #0x03	; 3
      000192 01                     587 	.db #0x01	; 1
      000193 01                     588 	.db #0x01	; 1
      000194 01                     589 	.db #0x01	; 1
      000195 01                     590 	.db #0x01	; 1
      000196 02                     591 	.db #0x02	; 2
      000197 00                     592 	.db #0x00	; 0
      000198 00                     593 	.db #0x00	; 0
      000199 00                     594 	.db #0x00	; 0
      00019A 00                     595 	.db #0x00	; 0
      00019B 00                     596 	.db #0x00	; 0
      00019C 00                     597 	.db #0x00	; 0
      00019D 00                     598 	.db #0x00	; 0
      00019E 00                     599 	.db #0x00	; 0
      00019F 00                     600 	.db #0x00	; 0
      0001A0 00                     601 	.db #0x00	; 0
      0001A1 00                     602 	.db #0x00	; 0
      0001A2 00                     603 	.db #0x00	; 0
      0001A3 00                     604 	.db #0x00	; 0
      0001A4 00                     605 	.db #0x00	; 0
      0001A5 00                     606 	.db #0x00	; 0
      0001A6 00                     607 	.db #0x00	; 0
      0001A7 00                     608 	.db #0x00	; 0
      0001A8 00                     609 	.db #0x00	; 0
      0001A9 00                     610 	.db #0x00	; 0
      0001AA 00                     611 	.db #0x00	; 0
      0001AB 00                     612 	.db #0x00	; 0
      0001AC 00                     613 	.db #0x00	; 0
      0001AD 00                     614 	.db #0x00	; 0
      0001AE 00                     615 	.db #0x00	; 0
      0001AF 00                     616 	.db #0x00	; 0
      0001B0 00                     617 	.db #0x00	; 0
      0001B1 00                     618 	.db #0x00	; 0
      0001B2 00                     619 	.db #0x00	; 0
      0001B3 00                     620 	.db #0x00	; 0
      0001B4 00                     621 	.db #0x00	; 0
      0001B5 00                     622 	.db #0x00	; 0
      0001B6 00                     623 	.db #0x00	; 0
      0001B7 00                     624 	.db #0x00	; 0
      0001B8 00                     625 	.db #0x00	; 0
      0001B9 03                     626 	.db #0x03	; 3
      0001BA 01                     627 	.db #0x01	; 1
      0001BB 01                     628 	.db #0x01	; 1
      0001BC 01                     629 	.db #0x01	; 1
      0001BD 01                     630 	.db #0x01	; 1
      0001BE 02                     631 	.db #0x02	; 2
      0001BF 00                     632 	.db #0x00	; 0
      0001C0 00                     633 	.db #0x00	; 0
      0001C1 00                     634 	.db #0x00	; 0
      0001C2 00                     635 	.db #0x00	; 0
      0001C3 00                     636 	.db #0x00	; 0
      0001C4 00                     637 	.db #0x00	; 0
      0001C5 00                     638 	.db #0x00	; 0
      0001C6 00                     639 	.db #0x00	; 0
      0001C7 00                     640 	.db #0x00	; 0
      0001C8 00                     641 	.db #0x00	; 0
      0001C9 00                     642 	.db #0x00	; 0
      0001CA 00                     643 	.db #0x00	; 0
      0001CB 00                     644 	.db #0x00	; 0
      0001CC 00                     645 	.db #0x00	; 0
      0001CD 00                     646 	.db #0x00	; 0
      0001CE 00                     647 	.db #0x00	; 0
      0001CF 05                     648 	.db #0x05	; 5
      0001D0 06                     649 	.db #0x06	; 6
      0001D1 00                     650 	.db #0x00	; 0
      0001D2 00                     651 	.db #0x00	; 0
      0001D3 00                     652 	.db #0x00	; 0
      0001D4 00                     653 	.db #0x00	; 0
      0001D5 00                     654 	.db #0x00	; 0
      0001D6 00                     655 	.db #0x00	; 0
      0001D7 00                     656 	.db #0x00	; 0
      0001D8 00                     657 	.db #0x00	; 0
      0001D9 00                     658 	.db #0x00	; 0
      0001DA 00                     659 	.db #0x00	; 0
      0001DB 00                     660 	.db #0x00	; 0
      0001DC 00                     661 	.db #0x00	; 0
      0001DD 00                     662 	.db #0x00	; 0
      0001DE 00                     663 	.db #0x00	; 0
      0001DF 00                     664 	.db #0x00	; 0
      0001E0 00                     665 	.db #0x00	; 0
      0001E1 03                     666 	.db #0x03	; 3
      0001E2 01                     667 	.db #0x01	; 1
      0001E3 01                     668 	.db #0x01	; 1
      0001E4 01                     669 	.db #0x01	; 1
      0001E5 01                     670 	.db #0x01	; 1
      0001E6 02                     671 	.db #0x02	; 2
      0001E7 00                     672 	.db #0x00	; 0
      0001E8 00                     673 	.db #0x00	; 0
      0001E9 00                     674 	.db #0x00	; 0
      0001EA 00                     675 	.db #0x00	; 0
      0001EB 00                     676 	.db #0x00	; 0
      0001EC 05                     677 	.db #0x05	; 5
      0001ED 06                     678 	.db #0x06	; 6
      0001EE 00                     679 	.db #0x00	; 0
      0001EF 00                     680 	.db #0x00	; 0
      0001F0 00                     681 	.db #0x00	; 0
      0001F1 00                     682 	.db #0x00	; 0
      0001F2 00                     683 	.db #0x00	; 0
      0001F3 00                     684 	.db #0x00	; 0
      0001F4 00                     685 	.db #0x00	; 0
      0001F5 00                     686 	.db #0x00	; 0
      0001F6 00                     687 	.db #0x00	; 0
      0001F7 00                     688 	.db #0x00	; 0
      0001F8 00                     689 	.db #0x00	; 0
      0001F9 00                     690 	.db #0x00	; 0
      0001FA 00                     691 	.db #0x00	; 0
      0001FB 00                     692 	.db #0x00	; 0
      0001FC 00                     693 	.db #0x00	; 0
      0001FD 00                     694 	.db #0x00	; 0
      0001FE 00                     695 	.db #0x00	; 0
      0001FF 00                     696 	.db #0x00	; 0
      000200 00                     697 	.db #0x00	; 0
      000201 00                     698 	.db #0x00	; 0
      000202 00                     699 	.db #0x00	; 0
      000203 00                     700 	.db #0x00	; 0
      000204 00                     701 	.db #0x00	; 0
      000205 05                     702 	.db #0x05	; 5
      000206 06                     703 	.db #0x06	; 6
      000207 00                     704 	.db #0x00	; 0
      000208 00                     705 	.db #0x00	; 0
      000209 03                     706 	.db #0x03	; 3
      00020A 01                     707 	.db #0x01	; 1
      00020B 01                     708 	.db #0x01	; 1
      00020C 01                     709 	.db #0x01	; 1
      00020D 01                     710 	.db #0x01	; 1
      00020E 02                     711 	.db #0x02	; 2
      00020F 00                     712 	.db #0x00	; 0
      000210 00                     713 	.db #0x00	; 0
      000211 00                     714 	.db #0x00	; 0
      000212 00                     715 	.db #0x00	; 0
      000213 00                     716 	.db #0x00	; 0
      000214 00                     717 	.db #0x00	; 0
      000215 00                     718 	.db #0x00	; 0
      000216 00                     719 	.db #0x00	; 0
      000217 00                     720 	.db #0x00	; 0
      000218 00                     721 	.db #0x00	; 0
      000219 00                     722 	.db #0x00	; 0
      00021A 00                     723 	.db #0x00	; 0
      00021B 00                     724 	.db #0x00	; 0
      00021C 00                     725 	.db #0x00	; 0
      00021D 00                     726 	.db #0x00	; 0
      00021E 00                     727 	.db #0x00	; 0
      00021F 00                     728 	.db #0x00	; 0
      000220 00                     729 	.db #0x00	; 0
      000221 00                     730 	.db #0x00	; 0
      000222 00                     731 	.db #0x00	; 0
      000223 00                     732 	.db #0x00	; 0
      000224 00                     733 	.db #0x00	; 0
      000225 00                     734 	.db #0x00	; 0
      000226 00                     735 	.db #0x00	; 0
      000227 00                     736 	.db #0x00	; 0
      000228 00                     737 	.db #0x00	; 0
      000229 00                     738 	.db #0x00	; 0
      00022A 00                     739 	.db #0x00	; 0
      00022B 00                     740 	.db #0x00	; 0
      00022C 00                     741 	.db #0x00	; 0
      00022D 00                     742 	.db #0x00	; 0
      00022E 00                     743 	.db #0x00	; 0
      00022F 00                     744 	.db #0x00	; 0
      000230 00                     745 	.db #0x00	; 0
      000231 03                     746 	.db #0x03	; 3
      000232 01                     747 	.db #0x01	; 1
      000233 01                     748 	.db #0x01	; 1
      000234 01                     749 	.db #0x01	; 1
      000235 01                     750 	.db #0x01	; 1
      000236 02                     751 	.db #0x02	; 2
      000237 00                     752 	.db #0x00	; 0
      000238 00                     753 	.db #0x00	; 0
      000239 00                     754 	.db #0x00	; 0
      00023A 00                     755 	.db #0x00	; 0
      00023B 00                     756 	.db #0x00	; 0
      00023C 00                     757 	.db #0x00	; 0
      00023D 00                     758 	.db #0x00	; 0
      00023E 00                     759 	.db #0x00	; 0
      00023F 00                     760 	.db #0x00	; 0
      000240 00                     761 	.db #0x00	; 0
      000241 00                     762 	.db #0x00	; 0
      000242 00                     763 	.db #0x00	; 0
      000243 00                     764 	.db #0x00	; 0
      000244 00                     765 	.db #0x00	; 0
      000245 00                     766 	.db #0x00	; 0
      000246 00                     767 	.db #0x00	; 0
      000247 00                     768 	.db #0x00	; 0
      000248 00                     769 	.db #0x00	; 0
      000249 00                     770 	.db #0x00	; 0
      00024A 00                     771 	.db #0x00	; 0
      00024B 00                     772 	.db #0x00	; 0
      00024C 00                     773 	.db #0x00	; 0
      00024D 00                     774 	.db #0x00	; 0
      00024E 00                     775 	.db #0x00	; 0
      00024F 00                     776 	.db #0x00	; 0
      000250 00                     777 	.db #0x00	; 0
      000251 00                     778 	.db #0x00	; 0
      000252 00                     779 	.db #0x00	; 0
      000253 00                     780 	.db #0x00	; 0
      000254 00                     781 	.db #0x00	; 0
      000255 00                     782 	.db #0x00	; 0
      000256 00                     783 	.db #0x00	; 0
      000257 00                     784 	.db #0x00	; 0
      000258 00                     785 	.db #0x00	; 0
      000259 03                     786 	.db #0x03	; 3
      00025A 01                     787 	.db #0x01	; 1
      00025B 01                     788 	.db #0x01	; 1
      00025C 01                     789 	.db #0x01	; 1
      00025D 01                     790 	.db #0x01	; 1
      00025E 02                     791 	.db #0x02	; 2
      00025F 00                     792 	.db #0x00	; 0
      000260 00                     793 	.db #0x00	; 0
      000261 00                     794 	.db #0x00	; 0
      000262 00                     795 	.db #0x00	; 0
      000263 00                     796 	.db #0x00	; 0
      000264 00                     797 	.db #0x00	; 0
      000265 00                     798 	.db #0x00	; 0
      000266 00                     799 	.db #0x00	; 0
      000267 00                     800 	.db #0x00	; 0
      000268 00                     801 	.db #0x00	; 0
      000269 00                     802 	.db #0x00	; 0
      00026A 00                     803 	.db #0x00	; 0
      00026B 00                     804 	.db #0x00	; 0
      00026C 00                     805 	.db #0x00	; 0
      00026D 00                     806 	.db #0x00	; 0
      00026E 00                     807 	.db #0x00	; 0
      00026F 00                     808 	.db #0x00	; 0
      000270 00                     809 	.db #0x00	; 0
      000271 00                     810 	.db #0x00	; 0
      000272 00                     811 	.db #0x00	; 0
      000273 00                     812 	.db #0x00	; 0
      000274 00                     813 	.db #0x00	; 0
      000275 00                     814 	.db #0x00	; 0
      000276 00                     815 	.db #0x00	; 0
      000277 00                     816 	.db #0x00	; 0
      000278 00                     817 	.db #0x00	; 0
      000279 00                     818 	.db #0x00	; 0
      00027A 00                     819 	.db #0x00	; 0
      00027B 00                     820 	.db #0x00	; 0
      00027C 00                     821 	.db #0x00	; 0
      00027D 00                     822 	.db #0x00	; 0
      00027E 00                     823 	.db #0x00	; 0
      00027F 00                     824 	.db #0x00	; 0
      000280 00                     825 	.db #0x00	; 0
      000281 03                     826 	.db #0x03	; 3
      000282 01                     827 	.db #0x01	; 1
      000283 01                     828 	.db #0x01	; 1
      000284 01                     829 	.db #0x01	; 1
      000285 01                     830 	.db #0x01	; 1
      000286 02                     831 	.db #0x02	; 2
      000287 00                     832 	.db #0x00	; 0
      000288 00                     833 	.db #0x00	; 0
      000289 00                     834 	.db #0x00	; 0
      00028A 00                     835 	.db #0x00	; 0
      00028B 00                     836 	.db #0x00	; 0
      00028C 00                     837 	.db #0x00	; 0
      00028D 00                     838 	.db #0x00	; 0
      00028E 00                     839 	.db #0x00	; 0
      00028F 00                     840 	.db #0x00	; 0
      000290 00                     841 	.db #0x00	; 0
      000291 00                     842 	.db #0x00	; 0
      000292 00                     843 	.db #0x00	; 0
      000293 00                     844 	.db #0x00	; 0
      000294 00                     845 	.db #0x00	; 0
      000295 00                     846 	.db #0x00	; 0
      000296 00                     847 	.db #0x00	; 0
      000297 00                     848 	.db #0x00	; 0
      000298 00                     849 	.db #0x00	; 0
      000299 00                     850 	.db #0x00	; 0
      00029A 00                     851 	.db #0x00	; 0
      00029B 00                     852 	.db #0x00	; 0
      00029C 00                     853 	.db #0x00	; 0
      00029D 00                     854 	.db #0x00	; 0
      00029E 00                     855 	.db #0x00	; 0
      00029F 00                     856 	.db #0x00	; 0
      0002A0 00                     857 	.db #0x00	; 0
      0002A1 00                     858 	.db #0x00	; 0
      0002A2 00                     859 	.db #0x00	; 0
      0002A3 00                     860 	.db #0x00	; 0
      0002A4 00                     861 	.db #0x00	; 0
      0002A5 00                     862 	.db #0x00	; 0
      0002A6 00                     863 	.db #0x00	; 0
      0002A7 00                     864 	.db #0x00	; 0
      0002A8 00                     865 	.db #0x00	; 0
      0002A9 03                     866 	.db #0x03	; 3
      0002AA 01                     867 	.db #0x01	; 1
      0002AB 01                     868 	.db #0x01	; 1
      0002AC 01                     869 	.db #0x01	; 1
      0002AD 01                     870 	.db #0x01	; 1
      0002AE 02                     871 	.db #0x02	; 2
      0002AF 00                     872 	.db #0x00	; 0
      0002B0 00                     873 	.db #0x00	; 0
      0002B1 00                     874 	.db #0x00	; 0
      0002B2 00                     875 	.db #0x00	; 0
      0002B3 00                     876 	.db #0x00	; 0
      0002B4 00                     877 	.db #0x00	; 0
      0002B5 00                     878 	.db #0x00	; 0
      0002B6 00                     879 	.db #0x00	; 0
      0002B7 00                     880 	.db #0x00	; 0
      0002B8 00                     881 	.db #0x00	; 0
      0002B9 00                     882 	.db #0x00	; 0
      0002BA 00                     883 	.db #0x00	; 0
      0002BB 00                     884 	.db #0x00	; 0
      0002BC 00                     885 	.db #0x00	; 0
      0002BD 00                     886 	.db #0x00	; 0
      0002BE 00                     887 	.db #0x00	; 0
      0002BF 03                     888 	.db #0x03	; 3
      0002C0 01                     889 	.db #0x01	; 1
      0002C1 01                     890 	.db #0x01	; 1
      0002C2 01                     891 	.db #0x01	; 1
      0002C3 01                     892 	.db #0x01	; 1
      0002C4 01                     893 	.db #0x01	; 1
      0002C5 01                     894 	.db #0x01	; 1
      0002C6 01                     895 	.db #0x01	; 1
      0002C7 01                     896 	.db #0x01	; 1
      0002C8 02                     897 	.db #0x02	; 2
      0002C9 00                     898 	.db #0x00	; 0
      0002CA 00                     899 	.db #0x00	; 0
      0002CB 00                     900 	.db #0x00	; 0
      0002CC 00                     901 	.db #0x00	; 0
      0002CD 00                     902 	.db #0x00	; 0
      0002CE 00                     903 	.db #0x00	; 0
      0002CF 00                     904 	.db #0x00	; 0
      0002D0 00                     905 	.db #0x00	; 0
      0002D1 03                     906 	.db #0x03	; 3
      0002D2 01                     907 	.db #0x01	; 1
      0002D3 01                     908 	.db #0x01	; 1
      0002D4 01                     909 	.db #0x01	; 1
      0002D5 01                     910 	.db #0x01	; 1
      0002D6 02                     911 	.db #0x02	; 2
      0002D7 00                     912 	.db #0x00	; 0
      0002D8 04                     913 	.db #0x04	; 4
      0002D9 04                     914 	.db #0x04	; 4
      0002DA 04                     915 	.db #0x04	; 4
      0002DB 04                     916 	.db #0x04	; 4
      0002DC 04                     917 	.db #0x04	; 4
      0002DD 04                     918 	.db #0x04	; 4
      0002DE 04                     919 	.db #0x04	; 4
      0002DF 04                     920 	.db #0x04	; 4
      0002E0 04                     921 	.db #0x04	; 4
      0002E1 04                     922 	.db #0x04	; 4
      0002E2 04                     923 	.db #0x04	; 4
      0002E3 04                     924 	.db #0x04	; 4
      0002E4 04                     925 	.db #0x04	; 4
      0002E5 04                     926 	.db #0x04	; 4
      0002E6 04                     927 	.db #0x04	; 4
      0002E7 03                     928 	.db #0x03	; 3
      0002E8 01                     929 	.db #0x01	; 1
      0002E9 01                     930 	.db #0x01	; 1
      0002EA 01                     931 	.db #0x01	; 1
      0002EB 01                     932 	.db #0x01	; 1
      0002EC 01                     933 	.db #0x01	; 1
      0002ED 01                     934 	.db #0x01	; 1
      0002EE 01                     935 	.db #0x01	; 1
      0002EF 01                     936 	.db #0x01	; 1
      0002F0 02                     937 	.db #0x02	; 2
      0002F1 04                     938 	.db #0x04	; 4
      0002F2 04                     939 	.db #0x04	; 4
      0002F3 04                     940 	.db #0x04	; 4
      0002F4 04                     941 	.db #0x04	; 4
      0002F5 04                     942 	.db #0x04	; 4
      0002F6 04                     943 	.db #0x04	; 4
      0002F7 04                     944 	.db #0x04	; 4
      0002F8 04                     945 	.db #0x04	; 4
      0002F9 03                     946 	.db #0x03	; 3
      0002FA 01                     947 	.db #0x01	; 1
      0002FB 01                     948 	.db #0x01	; 1
      0002FC 01                     949 	.db #0x01	; 1
      0002FD 01                     950 	.db #0x01	; 1
      0002FE 02                     951 	.db #0x02	; 2
      0002FF 04                     952 	.db #0x04	; 4
      000300 07                     953 	.db #0x07	; 7
      000301 07                     954 	.db #0x07	; 7
      000302 07                     955 	.db #0x07	; 7
      000303 07                     956 	.db #0x07	; 7
      000304 07                     957 	.db #0x07	; 7
      000305 07                     958 	.db #0x07	; 7
      000306 07                     959 	.db #0x07	; 7
      000307 07                     960 	.db #0x07	; 7
      000308 07                     961 	.db #0x07	; 7
      000309 07                     962 	.db #0x07	; 7
      00030A 07                     963 	.db #0x07	; 7
      00030B 07                     964 	.db #0x07	; 7
      00030C 07                     965 	.db #0x07	; 7
      00030D 07                     966 	.db #0x07	; 7
      00030E 07                     967 	.db #0x07	; 7
      00030F 07                     968 	.db #0x07	; 7
      000310 07                     969 	.db #0x07	; 7
      000311 07                     970 	.db #0x07	; 7
      000312 07                     971 	.db #0x07	; 7
      000313 07                     972 	.db #0x07	; 7
      000314 07                     973 	.db #0x07	; 7
      000315 07                     974 	.db #0x07	; 7
      000316 07                     975 	.db #0x07	; 7
      000317 07                     976 	.db #0x07	; 7
      000318 07                     977 	.db #0x07	; 7
      000319 07                     978 	.db #0x07	; 7
      00031A 07                     979 	.db #0x07	; 7
      00031B 07                     980 	.db #0x07	; 7
      00031C 07                     981 	.db #0x07	; 7
      00031D 07                     982 	.db #0x07	; 7
      00031E 07                     983 	.db #0x07	; 7
      00031F 07                     984 	.db #0x07	; 7
      000320 07                     985 	.db #0x07	; 7
      000321 07                     986 	.db #0x07	; 7
      000322 07                     987 	.db #0x07	; 7
      000323 07                     988 	.db #0x07	; 7
      000324 07                     989 	.db #0x07	; 7
      000325 07                     990 	.db #0x07	; 7
      000326 07                     991 	.db #0x07	; 7
      000327 07                     992 	.db #0x07	; 7
      000328 07                     993 	.db #0x07	; 7
      000329 07                     994 	.db #0x07	; 7
      00032A 07                     995 	.db #0x07	; 7
      00032B 07                     996 	.db #0x07	; 7
      00032C 07                     997 	.db #0x07	; 7
      00032D 07                     998 	.db #0x07	; 7
      00032E 07                     999 	.db #0x07	; 7
      00032F 07                    1000 	.db #0x07	; 7
      000330 07                    1001 	.db #0x07	; 7
      000331 07                    1002 	.db #0x07	; 7
      000332 07                    1003 	.db #0x07	; 7
      000333 07                    1004 	.db #0x07	; 7
      000334 07                    1005 	.db #0x07	; 7
      000335 07                    1006 	.db #0x07	; 7
      000336 07                    1007 	.db #0x07	; 7
      000337 07                    1008 	.db #0x07	; 7
      000338 07                    1009 	.db #0x07	; 7
      000339 07                    1010 	.db #0x07	; 7
      00033A 07                    1011 	.db #0x07	; 7
      00033B 07                    1012 	.db #0x07	; 7
      00033C 07                    1013 	.db #0x07	; 7
      00033D 07                    1014 	.db #0x07	; 7
      00033E 07                    1015 	.db #0x07	; 7
      00033F 07                    1016 	.db #0x07	; 7
      000340 07                    1017 	.db #0x07	; 7
      000341 07                    1018 	.db #0x07	; 7
      000342 07                    1019 	.db #0x07	; 7
      000343 07                    1020 	.db #0x07	; 7
      000344 07                    1021 	.db #0x07	; 7
      000345 07                    1022 	.db #0x07	; 7
      000346 07                    1023 	.db #0x07	; 7
      000347 07                    1024 	.db #0x07	; 7
      000348 07                    1025 	.db #0x07	; 7
      000349 07                    1026 	.db #0x07	; 7
      00034A 07                    1027 	.db #0x07	; 7
      00034B 07                    1028 	.db #0x07	; 7
      00034C 07                    1029 	.db #0x07	; 7
      00034D 07                    1030 	.db #0x07	; 7
      00034E 07                    1031 	.db #0x07	; 7
      00034F 07                    1032 	.db #0x07	; 7
      000350                       1033 __xinit__dummy_sprite:
      000350 00                    1034 	.db #0x00	; 0
      000351 00                    1035 	.db #0x00	; 0
      000352 00                    1036 	.db #0x00	; 0
      000353 00                    1037 	.db #0x00	; 0
      000354 00                    1038 	.db #0x00	; 0
      000355 00                    1039 	.db #0x00	; 0
      000356 00                    1040 	.db #0x00	; 0
      000357 00                    1041 	.db #0x00	; 0
      000358 00                    1042 	.db #0x00	; 0
      000359 00                    1043 	.db #0x00	; 0
      00035A 00                    1044 	.db #0x00	; 0
      00035B 00                    1045 	.db #0x00	; 0
      00035C 00                    1046 	.db #0x00	; 0
      00035D 00                    1047 	.db #0x00	; 0
      00035E 00                    1048 	.db #0x00	; 0
      00035F 00                    1049 	.db #0x00	; 0
      000360 3C                    1050 	.db #0x3c	; 60
      000361 3C                    1051 	.db #0x3c	; 60
      000362 42                    1052 	.db #0x42	; 66	'B'
      000363 7E                    1053 	.db #0x7e	; 126
      000364 5A                    1054 	.db #0x5a	; 90	'Z'
      000365 66                    1055 	.db #0x66	; 102	'f'
      000366 A5                    1056 	.db #0xa5	; 165
      000367 DB                    1057 	.db #0xdb	; 219
      000368 FF                    1058 	.db #0xff	; 255
      000369 81                    1059 	.db #0x81	; 129
      00036A FF                    1060 	.db #0xff	; 255
      00036B 81                    1061 	.db #0x81	; 129
      00036C 7E                    1062 	.db #0x7e	; 126
      00036D 5A                    1063 	.db #0x5a	; 90	'Z'
      00036E 5A                    1064 	.db #0x5a	; 90	'Z'
      00036F 7E                    1065 	.db #0x7e	; 126
      000370 00                    1066 	.db #0x00	; 0
      000371 00                    1067 	.db #0x00	; 0
      000372 3C                    1068 	.db #0x3c	; 60
      000373 3C                    1069 	.db #0x3c	; 60
      000374 42                    1070 	.db #0x42	; 66	'B'
      000375 7E                    1071 	.db #0x7e	; 126
      000376 99                    1072 	.db #0x99	; 153
      000377 E7                    1073 	.db #0xe7	; 231
      000378 E7                    1074 	.db #0xe7	; 231
      000379 99                    1075 	.db #0x99	; 153
      00037A FF                    1076 	.db #0xff	; 255
      00037B 81                    1077 	.db #0x81	; 129
      00037C FF                    1078 	.db #0xff	; 255
      00037D DB                    1079 	.db #0xdb	; 219
      00037E 5A                    1080 	.db #0x5a	; 90	'Z'
      00037F 7E                    1081 	.db #0x7e	; 126
      000380                       1082 __xinit__t:
      000380 00                    1083 	.db #0x00	; 0
      000381                       1084 __xinit__x:
      000381 4C                    1085 	.db #0x4c	; 76	'L'
      000382                       1086 __xinit__y:
      000382 87                    1087 	.db #0x87	; 135
                                   1088 	.area _CABS (ABS)
